0 info it worked if it ends with ok
1 verbose cli [ '/home/enielma/.nvm/versions/node/v5.7.1/bin/node',
1 verbose cli   '/home/enielma/.nvm/versions/node/v5.7.1/bin/npm',
1 verbose cli   'i',
1 verbose cli   'immutable' ]
2 info using npm@3.6.0
3 info using node@v5.7.1
4 silly loadCurrentTree Starting
5 silly install loadCurrentTree
6 silly install readLocalPackageData
7 silly fetchPackageMetaData immutable
8 silly fetchNamedPackageData immutable
9 silly mapToRegistry name immutable
10 silly mapToRegistry using default registry
11 silly mapToRegistry registry https://registry.npmjs.org/
12 silly mapToRegistry uri https://registry.npmjs.org/immutable
13 verbose request uri https://registry.npmjs.org/immutable
14 verbose request no auth needed
15 info attempt registry request try #1 at 20:17:55
16 verbose request id 41c7c28322ef2d05
17 verbose etag "A3CU87K9AM017QOPMLXRKKYHR"
18 http request GET https://registry.npmjs.org/immutable
19 info retry will retry, error on last attempt: Error: getaddrinfo EAI_AGAIN registry.npmjs.org:443
20 info attempt registry request try #2 at 20:18:25
21 verbose etag "A3CU87K9AM017QOPMLXRKKYHR"
22 http request GET https://registry.npmjs.org/immutable
23 info retry will retry, error on last attempt: Error: getaddrinfo EAI_AGAIN registry.npmjs.org:443
24 info attempt registry request try #3 at 20:19:50
25 verbose etag "A3CU87K9AM017QOPMLXRKKYHR"
26 http request GET https://registry.npmjs.org/immutable
27 silly get cb [ 304, undefined ]
28 verbose etag https://registry.npmjs.org/immutable from cache
29 verbose get saving immutable to /home/enielma/.npm/registry.npmjs.org/immutable/.cache.json
30 verbose correctMkdir /home/enielma/.npm correctMkdir not in flight; initializing
31 silly install normalizeTree
32 silly loadCurrentTree Finishing
33 silly loadIdealTree Starting
34 silly install loadIdealTree
35 silly cloneCurrentTree Starting
36 silly install cloneCurrentTreeToIdealTree
37 silly cloneCurrentTree Finishing
38 silly loadShrinkwrap Starting
39 silly install loadShrinkwrap
40 silly loadShrinkwrap Finishing
41 silly loadAllDepsIntoIdealTree Starting
42 silly install loadAllDepsIntoIdealTree
43 silly rollbackFailedOptional Starting
44 silly rollbackFailedOptional Finishing
45 silly runTopLevelLifecycles Starting
46 silly runTopLevelLifecycles Finishing
47 silly install printInstalled
48 verbose stack Error: Refusing to install immutable as a dependency of itself
48 verbose stack     at checkSelf (/home/enielma/.nvm/versions/node/v5.7.1/lib/node_modules/npm/lib/install/validate-args.js:53:14)
48 verbose stack     at Array.<anonymous> (/home/enielma/.nvm/versions/node/v5.7.1/lib/node_modules/npm/node_modules/slide/lib/bind-actor.js:15:8)
48 verbose stack     at LOOP (/home/enielma/.nvm/versions/node/v5.7.1/lib/node_modules/npm/node_modules/slide/lib/chain.js:15:14)
48 verbose stack     at chain (/home/enielma/.nvm/versions/node/v5.7.1/lib/node_modules/npm/node_modules/slide/lib/chain.js:20:5)
48 verbose stack     at /home/enielma/.nvm/versions/node/v5.7.1/lib/node_modules/npm/lib/install/validate-args.js:16:5
48 verbose stack     at /home/enielma/.nvm/versions/node/v5.7.1/lib/node_modules/npm/node_modules/slide/lib/async-map.js:52:35
48 verbose stack     at Array.forEach (native)
48 verbose stack     at /home/enielma/.nvm/versions/node/v5.7.1/lib/node_modules/npm/node_modules/slide/lib/async-map.js:52:11
48 verbose stack     at Array.forEach (native)
48 verbose stack     at asyncMap (/home/enielma/.nvm/versions/node/v5.7.1/lib/node_modules/npm/node_modules/slide/lib/async-map.js:51:8)
49 verbose cwd /home/enielma/programacao/immutable
50 error Linux 3.19.0-59-generic
51 error argv "/home/enielma/.nvm/versions/node/v5.7.1/bin/node" "/home/enielma/.nvm/versions/node/v5.7.1/bin/npm" "i" "immutable"
52 error node v5.7.1
53 error npm  v3.6.0
54 error code ENOSELF
55 error Refusing to install immutable as a dependency of itself
56 error If you need help, you may report this error at:
56 error     <https://github.com/npm/npm/issues>
57 verbose exit [ 1, true ]
